-- Logs begin at Wed 2020-07-22 16:10:33 CST. --
Jul 27 14:21:21 ecs-linux kube-apiserver[14585]: I0727 14:21:21.573941   14585 trace.go:116] Trace[958904708]: "Get" url:/api/v1/namespaces/kube-system/endpoints/kube-controller-manager,user-agent:kube-controller-manager/v1.18.5 (linux/amd64) kubernetes/e6503f8/leader-election,client:127.0.0.1 (started: 2020-07-27 14:21:12.544400387 +0800 CST m=+3.481785398) (total time: 9.029516815s):
Jul 27 14:21:21 ecs-linux kube-apiserver[14585]: Trace[958904708]: [9.029516815s] [9.029501s] END
Jul 27 14:21:25 ecs-linux kube-apiserver[14585]: I0727 14:21:25.386976   14585 trace.go:116] Trace[941147137]: "cacher list" type:*core.PersistentVolume (started: 2020-07-27 14:21:22.386798225 +0800 CST m=+13.324183239) (total time: 3.00015181s):
Jul 27 14:21:25 ecs-linux kube-apiserver[14585]: Trace[941147137]: [3.00015181s] [3.000118317s] END
Jul 27 14:21:25 ecs-linux kube-apiserver[14585]: I0727 14:21:25.387158   14585 trace.go:116] Trace[1260960051]: "List" url:/api/v1/persistentvolumes,user-agent:kube-scheduler/v1.18.5 (linux/amd64) kubernetes/e6503f8/scheduler,client:127.0.0.1 (started: 2020-07-27 14:21:22.386770589 +0800 CST m=+13.324155591) (total time: 3.000370385s):
Jul 27 14:21:25 ecs-linux kube-apiserver[14585]: Trace[1260960051]: [3.000370385s] [3.000352217s] END
Jul 27 14:21:29 ecs-linux kube-apiserver[14585]: I0727 14:21:29.388239   14585 trace.go:116] Trace[752251306]: "cacher list" type:*core.PersistentVolume (started: 2020-07-27 14:21:26.388028923 +0800 CST m=+17.325413920) (total time: 3.000186059s):
Jul 27 14:21:29 ecs-linux kube-apiserver[14585]: Trace[752251306]: [3.000186059s] [3.000152606s] END
Jul 27 14:21:29 ecs-linux kube-apiserver[14585]: I0727 14:21:29.388409   14585 trace.go:116] Trace[1416207698]: "List" url:/api/v1/persistentvolumes,user-agent:kube-scheduler/v1.18.5 (linux/amd64) kubernetes/e6503f8/scheduler,client:127.0.0.1 (started: 2020-07-27 14:21:26.388009856 +0800 CST m=+17.325394854) (total time: 3.000384309s):
Jul 27 14:21:29 ecs-linux kube-apiserver[14585]: Trace[1416207698]: [3.000384309s] [3.0003722s] END
Jul 27 14:21:33 ecs-linux kube-apiserver[14585]: E0727 14:21:33.172601   14585 status.go:71] apiserver received an error that is not an metav1.Status: &errors.errorString{s:"context canceled"}
Jul 27 14:21:33 ecs-linux kube-apiserver[14585]: I0727 14:21:33.173133   14585 trace.go:116] Trace[266901257]: "Get" url:/api/v1/namespaces/kube-system/endpoints/kube-scheduler,user-agent:kube-scheduler/v1.18.5 (linux/amd64) kubernetes/e6503f8/leader-election,client:127.0.0.1 (started: 2020-07-27 14:21:23.172441113 +0800 CST m=+14.109826110) (total time: 10.000664938s):
Jul 27 14:21:33 ecs-linux kube-apiserver[14585]: Trace[266901257]: [10.000664938s] [10.000644531s] END
Jul 27 14:21:33 ecs-linux kube-apiserver[14585]: I0727 14:21:33.389523   14585 trace.go:116] Trace[432137115]: "cacher list" type:*core.PersistentVolume (started: 2020-07-27 14:21:30.389313387 +0800 CST m=+21.326698385) (total time: 3.000175023s):
Jul 27 14:21:33 ecs-linux kube-apiserver[14585]: Trace[432137115]: [3.000175023s] [3.000142178s] END
Jul 27 14:21:33 ecs-linux kube-apiserver[14585]: I0727 14:21:33.389702   14585 trace.go:116] Trace[2066088290]: "List" url:/api/v1/persistentvolumes,user-agent:kube-scheduler/v1.18.5 (linux/amd64) kubernetes/e6503f8/scheduler,client:127.0.0.1 (started: 2020-07-27 14:21:30.389295017 +0800 CST m=+21.326680027) (total time: 3.000392031s):
Jul 27 14:21:33 ecs-linux kube-apiserver[14585]: Trace[2066088290]: [3.000392031s] [3.000379959s] END
Jul 27 14:21:34 ecs-linux kube-apiserver[14585]: E0727 14:21:34.133335   14585 status.go:71] apiserver received an error that is not an metav1.Status: &errors.errorString{s:"context canceled"}
Jul 27 14:21:34 ecs-linux kube-apiserver[14585]: I0727 14:21:34.133488   14585 trace.go:116] Trace[156298296]: "Get" url:/api/v1/namespaces/kube-system/endpoints/kube-controller-manager,user-agent:kube-controller-manager/v1.18.5 (linux/amd64) kubernetes/e6503f8/leader-election,client:127.0.0.1 (started: 2020-07-27 14:21:24.133534574 +0800 CST m=+15.070919585) (total time: 9.999929774s):
Jul 27 14:21:34 ecs-linux kube-apiserver[14585]: Trace[156298296]: [9.999929774s] [9.999910781s] END
Jul 27 14:21:37 ecs-linux kube-apiserver[14585]: I0727 14:21:37.390704   14585 trace.go:116] Trace[1719043382]: "cacher list" type:*core.PersistentVolume (started: 2020-07-27 14:21:34.390494078 +0800 CST m=+25.327879085) (total time: 3.000169759s):
Jul 27 14:21:37 ecs-linux kube-apiserver[14585]: Trace[1719043382]: [3.000169759s] [3.000137933s] END
Jul 27 14:21:37 ecs-linux kube-apiserver[14585]: I0727 14:21:37.390879   14585 trace.go:116] Trace[685084305]: "List" url:/api/v1/persistentvolumes,user-agent:kube-scheduler/v1.18.5 (linux/amd64) kubernetes/e6503f8/scheduler,client:127.0.0.1 (started: 2020-07-27 14:21:34.390474512 +0800 CST m=+25.327859523) (total time: 3.000387604s):
Jul 27 14:21:37 ecs-linux kube-apiserver[14585]: Trace[685084305]: [3.000387604s] [3.000375244s] END
Jul 27 14:21:41 ecs-linux kube-apiserver[14585]: I0727 14:21:41.391796   14585 trace.go:116] Trace[1353367783]: "cacher list" type:*core.PersistentVolume (started: 2020-07-27 14:21:38.391635106 +0800 CST m=+29.329020103) (total time: 3.000135893s):
Jul 27 14:21:41 ecs-linux kube-apiserver[14585]: Trace[1353367783]: [3.000135893s] [3.000104445s] END
Jul 27 14:21:41 ecs-linux kube-apiserver[14585]: I0727 14:21:41.391981   14585 trace.go:116] Trace[306444893]: "List" url:/api/v1/persistentvolumes,user-agent:kube-scheduler/v1.18.5 (linux/amd64) kubernetes/e6503f8/scheduler,client:127.0.0.1 (started: 2020-07-27 14:21:38.39161485 +0800 CST m=+29.328999846) (total time: 3.000350182s):
Jul 27 14:21:41 ecs-linux kube-apiserver[14585]: Trace[306444893]: [3.000350182s] [3.00033704s] END
Jul 27 14:21:45 ecs-linux kube-apiserver[14585]: I0727 14:21:45.392986   14585 trace.go:116] Trace[1506634008]: "cacher list" type:*core.PersistentVolume (started: 2020-07-27 14:21:42.392766782 +0800 CST m=+33.330151789) (total time: 3.00018855s):
Jul 27 14:21:45 ecs-linux kube-apiserver[14585]: Trace[1506634008]: [3.00018855s] [3.000151542s] END
Jul 27 14:21:45 ecs-linux kube-apiserver[14585]: I0727 14:21:45.393163   14585 trace.go:116] Trace[324532611]: "List" url:/api/v1/persistentvolumes,user-agent:kube-scheduler/v1.18.5 (linux/amd64) kubernetes/e6503f8/scheduler,client:127.0.0.1 (started: 2020-07-27 14:21:42.392748057 +0800 CST m=+33.330133055) (total time: 3.000398803s):
Jul 27 14:21:45 ecs-linux kube-apiserver[14585]: Trace[324532611]: [3.000398803s] [3.00038656s] END
Jul 27 14:21:46 ecs-linux kube-apiserver[14585]: E0727 14:21:46.536782   14585 status.go:71] apiserver received an error that is not an metav1.Status: &errors.errorString{s:"context canceled"}
Jul 27 14:21:46 ecs-linux kube-apiserver[14585]: I0727 14:21:46.536964   14585 trace.go:116] Trace[1594625065]: "Get" url:/api/v1/namespaces/kube-system/endpoints/kube-scheduler,user-agent:kube-scheduler/v1.18.5 (linux/amd64) kubernetes/e6503f8/leader-election,client:127.0.0.1 (started: 2020-07-27 14:21:36.537058264 +0800 CST m=+27.474443259) (total time: 9.999876628s):
Jul 27 14:21:46 ecs-linux kube-apiserver[14585]: Trace[1594625065]: [9.999876628s] [9.999858125s] END
Jul 27 14:21:46 ecs-linux kube-apiserver[14585]: E0727 14:21:46.617152   14585 status.go:71] apiserver received an error that is not an metav1.Status: &errors.errorString{s:"context canceled"}
Jul 27 14:21:46 ecs-linux kube-apiserver[14585]: I0727 14:21:46.617310   14585 trace.go:116] Trace[174289128]: "Get" url:/api/v1/namespaces/kube-system/endpoints/kube-controller-manager,user-agent:kube-controller-manager/v1.18.5 (linux/amd64) kubernetes/e6503f8/leader-election,client:127.0.0.1 (started: 2020-07-27 14:21:36.617382325 +0800 CST m=+27.554767322) (total time: 9.999904383s):
Jul 27 14:21:46 ecs-linux kube-apiserver[14585]: Trace[174289128]: [9.999904383s] [9.999884819s] END
Jul 27 14:21:49 ecs-linux kube-apiserver[14585]: I0727 14:21:49.394252   14585 trace.go:116] Trace[1990668860]: "cacher list" type:*core.PersistentVolume (started: 2020-07-27 14:21:46.394086215 +0800 CST m=+37.331471213) (total time: 3.000140796s):
Jul 27 14:21:49 ecs-linux kube-apiserver[14585]: Trace[1990668860]: [3.000140796s] [3.000108915s] END
Jul 27 14:21:49 ecs-linux kube-apiserver[14585]: I0727 14:21:49.394446   14585 trace.go:116] Trace[1238004561]: "List" url:/api/v1/persistentvolumes,user-agent:kube-scheduler/v1.18.5 (linux/amd64) kubernetes/e6503f8/scheduler,client:127.0.0.1 (started: 2020-07-27 14:21:46.394067589 +0800 CST m=+37.331452591) (total time: 3.000362515s):
Jul 27 14:21:49 ecs-linux kube-apiserver[14585]: Trace[1238004561]: [3.000362515s] [3.000350338s] END
Jul 27 14:21:53 ecs-linux kube-apiserver[14585]: I0727 14:21:53.395569   14585 trace.go:116] Trace[1305356365]: "cacher list" type:*core.PersistentVolume (started: 2020-07-27 14:21:50.395375346 +0800 CST m=+41.332760342) (total time: 3.000168428s):
Jul 27 14:21:53 ecs-linux kube-apiserver[14585]: Trace[1305356365]: [3.000168428s] [3.000132003s] END
Jul 27 14:21:53 ecs-linux kube-apiserver[14585]: I0727 14:21:53.395743   14585 trace.go:116] Trace[846228787]: "List" url:/api/v1/persistentvolumes,user-agent:kube-scheduler/v1.18.5 (linux/amd64) kubernetes/e6503f8/scheduler,client:127.0.0.1 (started: 2020-07-27 14:21:50.395356177 +0800 CST m=+41.332741185) (total time: 3.000366652s):
Jul 27 14:21:53 ecs-linux kube-apiserver[14585]: Trace[846228787]: [3.000366652s] [3.00035439s] END
Jul 27 14:21:59 ecs-linux kube-apiserver[14585]: E0727 14:21:59.411828   14585 status.go:71] apiserver received an error that is not an metav1.Status: &errors.errorString{s:"context canceled"}
Jul 27 14:21:59 ecs-linux kube-apiserver[14585]: I0727 14:21:59.411994   14585 trace.go:116] Trace[568667051]: "Get" url:/api/v1/namespaces/kube-system/endpoints/kube-scheduler,user-agent:kube-scheduler/v1.18.5 (linux/amd64) kubernetes/e6503f8/leader-election,client:127.0.0.1 (started: 2020-07-27 14:21:49.412011369 +0800 CST m=+40.349396368) (total time: 9.999960558s):
Jul 27 14:21:59 ecs-linux kube-apiserver[14585]: Trace[568667051]: [9.999960558s] [9.999942072s] END
Jul 27 14:21:59 ecs-linux kube-apiserver[14585]: E0727 14:21:59.774332   14585 status.go:71] apiserver received an error that is not an metav1.Status: &errors.errorString{s:"context canceled"}
Jul 27 14:21:59 ecs-linux kube-apiserver[14585]: I0727 14:21:59.774679   14585 trace.go:116] Trace[448237964]: "Get" url:/api/v1/namespaces/kube-system/endpoints/kube-controller-manager,user-agent:kube-controller-manager/v1.18.5 (linux/amd64) kubernetes/e6503f8/leader-election,client:127.0.0.1 (started: 2020-07-27 14:21:49.774649974 +0800 CST m=+40.712034989) (total time: 10.000003474s):
Jul 27 14:21:59 ecs-linux kube-apiserver[14585]: Trace[448237964]: [10.000003474s] [9.999978043s] END
Jul 27 14:22:12 ecs-linux kube-apiserver[14585]: E0727 14:22:12.368057   14585 status.go:71] apiserver received an error that is not an metav1.Status: &errors.errorString{s:"context canceled"}
Jul 27 14:22:12 ecs-linux kube-apiserver[14585]: I0727 14:22:12.368267   14585 trace.go:116] Trace[47634021]: "Get" url:/api/v1/namespaces/kube-system/endpoints/kube-controller-manager,user-agent:kube-controller-manager/v1.18.5 (linux/amd64) kubernetes/e6503f8/leader-election,client:127.0.0.1 (started: 2020-07-27 14:22:02.368343534 +0800 CST m=+53.305728532) (total time: 9.999899528s):
Jul 27 14:22:12 ecs-linux kube-apiserver[14585]: Trace[47634021]: [9.999899528s] [9.999880901s] END
Jul 27 14:22:12 ecs-linux kube-apiserver[14585]: E0727 14:22:12.652591   14585 status.go:71] apiserver received an error that is not an metav1.Status: &errors.errorString{s:"context canceled"}
Jul 27 14:22:12 ecs-linux kube-apiserver[14585]: I0727 14:22:12.652744   14585 trace.go:116] Trace[1377549632]: "Get" url:/api/v1/namespaces/kube-system/endpoints/kube-scheduler,user-agent:kube-scheduler/v1.18.5 (linux/amd64) kubernetes/e6503f8/leader-election,client:127.0.0.1 (started: 2020-07-27 14:22:02.652657713 +0800 CST m=+53.590042710) (total time: 10.000062112s):
Jul 27 14:22:12 ecs-linux kube-apiserver[14585]: Trace[1377549632]: [10.000062112s] [10.000041585s] END
Jul 27 14:22:14 ecs-linux kube-apiserver[14585]: I0727 14:22:14.171047   14585 trace.go:116] Trace[967547779]: "List etcd3" key:/apiregistration.k8s.io/apiservices,resourceVersion:0,limit:500,continue: (started: 2020-07-27 14:21:14.170858916 +0800 CST m=+5.108243913) (total time: 1m0.000159902s):
Jul 27 14:22:14 ecs-linux kube-apiserver[14585]: Trace[967547779]: [1m0.000159902s] [1m0.000159902s] END
Jul 27 14:22:14 ecs-linux kube-apiserver[14585]: E0727 14:22:14.171080   14585 status.go:71] apiserver received an error that is not an metav1.Status: &errors.errorString{s:"context canceled"}
Jul 27 14:22:14 ecs-linux kube-apiserver[14585]: E0727 14:22:14.171147   14585 writers.go:105] apiserver was unable to write a JSON response: http: Handler timeout
Jul 27 14:22:14 ecs-linux kube-apiserver[14585]: I0727 14:22:14.171958   14585 trace.go:116] Trace[2085483704]: "Reflector ListAndWatch" name:k8s.io/kube-aggregator/pkg/client/informers/externalversions/factory.go:117 (started: 2020-07-27 14:21:14.153935784 +0800 CST m=+5.091320780) (total time: 1m0.018005945s):
Jul 27 14:22:14 ecs-linux kube-apiserver[14585]: Trace[2085483704]: [1m0.018005945s] [1m0.018005945s] END
Jul 27 14:22:14 ecs-linux kube-apiserver[14585]: E0727 14:22:14.171969   14585 reflector.go:178] k8s.io/kube-aggregator/pkg/client/informers/externalversions/factory.go:117: Failed to list *v1.APIService: the server was unable to return a response in the time allotted, but may still be processing the request (get apiservices.apiregistration.k8s.io)
Jul 27 14:22:14 ecs-linux kube-apiserver[14585]: I0727 14:22:14.172293   14585 trace.go:116] Trace[1375231521]: "List etcd3" key:/services/specs,resourceVersion:0,limit:500,continue: (started: 2020-07-27 14:21:14.171842006 +0800 CST m=+5.109227002) (total time: 1m0.000437303s):
Jul 27 14:22:14 ecs-linux kube-apiserver[14585]: Trace[1375231521]: [1m0.000437303s] [1m0.000437303s] END
Jul 27 14:22:14 ecs-linux kube-apiserver[14585]: E0727 14:22:14.172308   14585 status.go:71] apiserver received an error that is not an metav1.Status: &errors.errorString{s:"context canceled"}
Jul 27 14:22:14 ecs-linux kube-apiserver[14585]: I0727 14:22:14.172356   14585 trace.go:116] Trace[1457253727]: "List etcd3" key:/serviceaccounts,resourceVersion:0,limit:500,continue: (started: 2020-07-27 14:21:14.171576415 +0800 CST m=+5.108961423) (total time: 1m0.00077125s):
Jul 27 14:22:14 ecs-linux kube-apiserver[14585]: Trace[1457253727]: [1m0.00077125s] [1m0.00077125s] END
Jul 27 14:22:14 ecs-linux kube-apiserver[14585]: I0727 14:22:14.172360   14585 trace.go:116] Trace[1619803715]: "List etcd3" key:/storageclasses,resourceVersion:0,limit:500,continue: (started: 2020-07-27 14:21:14.171149007 +0800 CST m=+5.108534003) (total time: 1m0.00119687s):
Jul 27 14:22:14 ecs-linux kube-apiserver[14585]: Trace[1619803715]: [1m0.00119687s] [1m0.00119687s] END
Jul 27 14:22:14 ecs-linux kube-apiserver[14585]: E0727 14:22:14.172365   14585 status.go:71] apiserver received an error that is not an metav1.Status: &errors.errorString{s:"context canceled"}
Jul 27 14:22:14 ecs-linux kube-apiserver[14585]: E0727 14:22:14.172373   14585 status.go:71] apiserver received an error that is not an metav1.Status: &errors.errorString{s:"context canceled"}
Jul 27 14:22:14 ecs-linux kube-apiserver[14585]: I0727 14:22:14.172486   14585 trace.go:116] Trace[642295931]: "Reflector ListAndWatch" name:k8s.io/client-go/informers/factory.go:135 (started: 2020-07-27 14:21:14.156768013 +0800 CST m=+5.094153030) (total time: 1m0.015709755s):
Jul 27 14:22:14 ecs-linux kube-apiserver[14585]: Trace[642295931]: [1m0.015709755s] [1m0.015709755s] END
Jul 27 14:22:14 ecs-linux kube-apiserver[14585]: E0727 14:22:14.172491   14585 reflector.go:178] k8s.io/client-go/informers/factory.go:135: Failed to list *v1.StorageClass: the server was unable to return a response in the time allotted, but may still be processing the request (get storageclasses.storage.k8s.io)
Jul 27 14:22:14 ecs-linux kube-apiserver[14585]: I0727 14:22:14.172568   14585 trace.go:116] Trace[78369378]: "Reflector ListAndWatch" name:k8s.io/client-go/informers/factory.go:135 (started: 2020-07-27 14:21:14.158153678 +0800 CST m=+5.095538690) (total time: 1m0.014406844s):
Jul 27 14:22:14 ecs-linux kube-apiserver[14585]: Trace[78369378]: [1m0.014406844s] [1m0.014406844s] END
Jul 27 14:22:14 ecs-linux kube-apiserver[14585]: E0727 14:22:14.172572   14585 reflector.go:178] k8s.io/client-go/informers/factory.go:135: Failed to list *v1.Service: the server was unable to return a response in the time allotted, but may still be processing the request (get services)
Jul 27 14:22:14 ecs-linux kube-apiserver[14585]: I0727 14:22:14.172612   14585 trace.go:116] Trace[1459232562]: "Reflector ListAndWatch" name:k8s.io/client-go/informers/factory.go:135 (started: 2020-07-27 14:21:14.15765795 +0800 CST m=+5.095042965) (total time: 1m0.01494754s):
Jul 27 14:22:14 ecs-linux kube-apiserver[14585]: Trace[1459232562]: [1m0.01494754s] [1m0.01494754s] END
Jul 27 14:22:14 ecs-linux kube-apiserver[14585]: E0727 14:22:14.172616   14585 reflector.go:178] k8s.io/client-go/informers/factory.go:135: Failed to list *v1.ServiceAccount: the server was unable to return a response in the time allotted, but may still be processing the request (get serviceaccounts)
Jul 27 14:22:14 ecs-linux kube-apiserver[14585]: E0727 14:22:14.172990   14585 status.go:71] apiserver received an error that is not an metav1.Status: &errors.errorString{s:"http: Handler timeout"}
Jul 27 14:22:14 ecs-linux kube-apiserver[14585]: E0727 14:22:14.174053   14585 writers.go:118] apiserver was unable to write a fallback JSON response: http: Handler timeout
Jul 27 14:22:14 ecs-linux kube-apiserver[14585]: E0727 14:22:14.176200   14585 writers.go:105] apiserver was unable to write a JSON response: http: Handler timeout
Jul 27 14:22:14 ecs-linux kube-apiserver[14585]: E0727 14:22:14.177271   14585 writers.go:105] apiserver was unable to write a JSON response: http: Handler timeout
Jul 27 14:22:14 ecs-linux kube-apiserver[14585]: E0727 14:22:14.178354   14585 writers.go:105] apiserver was unable to write a JSON response: http: Handler timeout
Jul 27 14:22:14 ecs-linux kube-apiserver[14585]: I0727 14:22:14.182652   14585 trace.go:116] Trace[1350295319]: "List" url:/apis/apiregistration.k8s.io/v1/apiservices,user-agent:kube-apiserver/v1.18.5 (linux/amd64) kubernetes/e6503f8,client:::1 (started: 2020-07-27 14:21:14.170839853 +0800 CST m=+5.108224850) (total time: 1m0.011776776s):
Jul 27 14:22:14 ecs-linux kube-apiserver[14585]: Trace[1350295319]: [1m0.011776776s] [1m0.011761046s] END
Jul 27 14:22:14 ecs-linux kube-apiserver[14585]: E0727 14:22:14.183701   14585 status.go:71] apiserver received an error that is not an metav1.Status: &errors.errorString{s:"http: Handler timeout"}
Jul 27 14:22:14 ecs-linux kube-apiserver[14585]: E0727 14:22:14.184762   14585 status.go:71] apiserver received an error that is not an metav1.Status: &errors.errorString{s:"http: Handler timeout"}
Jul 27 14:22:14 ecs-linux kube-apiserver[14585]: E0727 14:22:14.185861   14585 status.go:71] apiserver received an error that is not an metav1.Status: &errors.errorString{s:"http: Handler timeout"}
Jul 27 14:22:14 ecs-linux kube-apiserver[14585]: E0727 14:22:14.186937   14585 writers.go:118] apiserver was unable to write a fallback JSON response: http: Handler timeout
Jul 27 14:22:14 ecs-linux kube-apiserver[14585]: E0727 14:22:14.188003   14585 writers.go:118] apiserver was unable to write a fallback JSON response: http: Handler timeout
Jul 27 14:22:14 ecs-linux kube-apiserver[14585]: E0727 14:22:14.189074   14585 writers.go:118] apiserver was unable to write a fallback JSON response: http: Handler timeout
Jul 27 14:22:14 ecs-linux kube-apiserver[14585]: I0727 14:22:14.190171   14585 trace.go:116] Trace[123703431]: "List" url:/api/v1/services,user-agent:kube-apiserver/v1.18.5 (linux/amd64) kubernetes/e6503f8,client:::1 (started: 2020-07-27 14:21:14.171823599 +0800 CST m=+5.109208594) (total time: 1m0.018314923s):
Jul 27 14:22:14 ecs-linux kube-apiserver[14585]: Trace[123703431]: [1m0.018314923s] [1m0.018299443s] END
Jul 27 14:22:14 ecs-linux kube-apiserver[14585]: I0727 14:22:14.191227   14585 trace.go:116] Trace[1805600940]: "List" url:/api/v1/serviceaccounts,user-agent:kube-apiserver/v1.18.5 (linux/amd64) kubernetes/e6503f8,client:::1 (started: 2020-07-27 14:21:14.171549047 +0800 CST m=+5.108934043) (total time: 1m0.019657292s):
Jul 27 14:22:14 ecs-linux kube-apiserver[14585]: Trace[1805600940]: [1m0.019657292s] [1m0.0196332s] END
Jul 27 14:22:14 ecs-linux kube-apiserver[14585]: I0727 14:22:14.192290   14585 trace.go:116] Trace[105144446]: "List" url:/apis/storage.k8s.io/v1/storageclasses,user-agent:kube-apiserver/v1.18.5 (linux/amd64) kubernetes/e6503f8,client:::1 (started: 2020-07-27 14:21:14.171130167 +0800 CST m=+5.108515164) (total time: 1m0.021144205s):
Jul 27 14:22:14 ecs-linux kube-apiserver[14585]: Trace[105144446]: [1m0.021144205s] [1m0.021128714s] END
Jul 27 14:22:15 ecs-linux kube-apiserver[14585]: E0727 14:22:15.154142   14585 status.go:71] apiserver received an error that is not an metav1.Status: &errors.errorString{s:"context canceled"}
Jul 27 14:22:15 ecs-linux kube-apiserver[14585]: E0727 14:22:15.154202   14585 writers.go:105] apiserver was unable to write a JSON response: http: Handler timeout
Jul 27 14:22:15 ecs-linux kube-apiserver[14585]: W0727 14:22:15.154482   14585 storage_scheduling.go:138] unable to get PriorityClass system-node-critical: the server was unable to return a response in the time allotted, but may still be processing the request (get priorityclasses.scheduling.k8s.io system-node-critical). Retrying...
Jul 27 14:22:15 ecs-linux kube-apiserver[14585]: E0727 14:22:15.155446   14585 status.go:71] apiserver received an error that is not an metav1.Status: &errors.errorString{s:"http: Handler timeout"}
Jul 27 14:22:15 ecs-linux kube-apiserver[14585]: E0727 14:22:15.156530   14585 writers.go:118] apiserver was unable to write a fallback JSON response: http: Handler timeout
Jul 27 14:22:15 ecs-linux kube-apiserver[14585]: I0727 14:22:15.157615   14585 trace.go:116] Trace[1164508921]: "Get" url:/apis/scheduling.k8s.io/v1/priorityclasses/system-node-critical,user-agent:kube-apiserver/v1.18.5 (linux/amd64) kubernetes/e6503f8,client:::1 (started: 2020-07-27 14:21:15.153962023 +0800 CST m=+6.091347019) (total time: 1m0.00362286s):
Jul 27 14:22:15 ecs-linux kube-apiserver[14585]: Trace[1164508921]: [1m0.00362286s] [1m0.003596215s] END
Jul 27 14:22:26 ecs-linux kube-apiserver[14585]: E0727 14:22:26.232175   14585 status.go:71] apiserver received an error that is not an metav1.Status: &errors.errorString{s:"context canceled"}
Jul 27 14:22:26 ecs-linux kube-apiserver[14585]: I0727 14:22:26.232343   14585 trace.go:116] Trace[1010561429]: "Get" url:/api/v1/namespaces/kube-system/endpoints/kube-controller-manager,user-agent:kube-controller-manager/v1.18.5 (linux/amd64) kubernetes/e6503f8/leader-election,client:127.0.0.1 (started: 2020-07-27 14:22:16.232361531 +0800 CST m=+67.169746538) (total time: 9.999957172s):
Jul 27 14:22:26 ecs-linux kube-apiserver[14585]: Trace[1010561429]: [9.999957172s] [9.999937484s] END
Jul 27 14:22:26 ecs-linux kube-apiserver[14585]: E0727 14:22:26.358286   14585 status.go:71] apiserver received an error that is not an metav1.Status: &errors.errorString{s:"context canceled"}
Jul 27 14:22:26 ecs-linux kube-apiserver[14585]: I0727 14:22:26.358448   14585 trace.go:116] Trace[214098395]: "Get" url:/api/v1/namespaces/kube-system/endpoints/kube-scheduler,user-agent:kube-scheduler/v1.18.5 (linux/amd64) kubernetes/e6503f8/leader-election,client:127.0.0.1 (started: 2020-07-27 14:22:16.358477098 +0800 CST m=+67.295862095) (total time: 9.999948582s):
Jul 27 14:22:26 ecs-linux kube-apiserver[14585]: Trace[214098395]: [9.999948582s] [9.999930282s] END
Jul 27 14:22:39 ecs-linux kube-apiserver[14585]: I0727 14:22:39.305514   14585 trace.go:116] Trace[1332926532]: "cacher list" type:*core.PersistentVolume (started: 2020-07-27 14:22:36.305352134 +0800 CST m=+87.242737141) (total time: 3.000135804s):
Jul 27 14:22:39 ecs-linux kube-apiserver[14585]: Trace[1332926532]: [3.000135804s] [3.000103616s] END
Jul 27 14:22:39 ecs-linux kube-apiserver[14585]: I0727 14:22:39.305680   14585 trace.go:116] Trace[1630871300]: "List" url:/api/v1/persistentvolumes,user-agent:kube-scheduler/v1.18.5 (linux/amd64) kubernetes/e6503f8/scheduler,client:127.0.0.1 (started: 2020-07-27 14:22:36.305331911 +0800 CST m=+87.242717120) (total time: 3.000332058s):
Jul 27 14:22:39 ecs-linux kube-apiserver[14585]: Trace[1630871300]: [3.000332058s] [3.000318804s] END
Jul 27 14:22:39 ecs-linux kube-apiserver[14585]: E0727 14:22:39.580479   14585 status.go:71] apiserver received an error that is not an metav1.Status: &errors.errorString{s:"context canceled"}
Jul 27 14:22:39 ecs-linux kube-apiserver[14585]: I0727 14:22:39.580660   14585 trace.go:116] Trace[522580537]: "Get" url:/api/v1/namespaces/kube-system/endpoints/kube-scheduler,user-agent:kube-scheduler/v1.18.5 (linux/amd64) kubernetes/e6503f8/leader-election,client:127.0.0.1 (started: 2020-07-27 14:22:29.580505408 +0800 CST m=+80.517890416) (total time: 10.000130839s):
Jul 27 14:22:39 ecs-linux kube-apiserver[14585]: Trace[522580537]: [10.000130839s] [10.000111638s] END
Jul 27 14:22:40 ecs-linux kube-apiserver[14585]: E0727 14:22:40.187543   14585 status.go:71] apiserver received an error that is not an metav1.Status: &errors.errorString{s:"context canceled"}
Jul 27 14:22:40 ecs-linux kube-apiserver[14585]: I0727 14:22:40.187703   14585 trace.go:116] Trace[1479229819]: "Get" url:/api/v1/namespaces/kube-system/endpoints/kube-controller-manager,user-agent:kube-controller-manager/v1.18.5 (linux/amd64) kubernetes/e6503f8/leader-election,client:127.0.0.1 (started: 2020-07-27 14:22:30.187753578 +0800 CST m=+81.125138576) (total time: 9.999927325s):
Jul 27 14:22:40 ecs-linux kube-apiserver[14585]: Trace[1479229819]: [9.999927325s] [9.999907598s] END
Jul 27 14:22:42 ecs-linux kube-apiserver[14585]: I0727 14:22:42.223455   14585 http2_client.go:1076] Client received GoAway with http2.ErrCodeEnhanceYourCalm.
Jul 27 14:22:42 ecs-linux kube-apiserver[14585]: I0727 14:22:42.223572   14585 controlbuf.go:508] transport: loopyWriter.run returning. connection error: desc = "transport is closing"
Jul 27 14:22:43 ecs-linux kube-apiserver[14585]: I0727 14:22:43.306715   14585 trace.go:116] Trace[1502264621]: "cacher list" type:*core.PersistentVolume (started: 2020-07-27 14:22:40.306494677 +0800 CST m=+91.243879680) (total time: 3.00019285s):
Jul 27 14:22:43 ecs-linux kube-apiserver[14585]: Trace[1502264621]: [3.00019285s] [3.000157251s] END
Jul 27 14:22:43 ecs-linux kube-apiserver[14585]: I0727 14:22:43.306878   14585 trace.go:116] Trace[388830419]: "List" url:/api/v1/persistentvolumes,user-agent:kube-scheduler/v1.18.5 (linux/amd64) kubernetes/e6503f8/scheduler,client:127.0.0.1 (started: 2020-07-27 14:22:40.306471396 +0800 CST m=+91.243856409) (total time: 3.00039018s):
Jul 27 14:22:43 ecs-linux kube-apiserver[14585]: Trace[388830419]: [3.00039018s] [3.000374778s] END
Jul 27 14:22:47 ecs-linux kube-apiserver[14585]: I0727 14:22:47.308029   14585 trace.go:116] Trace[670702974]: "cacher list" type:*core.PersistentVolume (started: 2020-07-27 14:22:44.307829496 +0800 CST m=+95.245214509) (total time: 3.000171041s):
Jul 27 14:22:47 ecs-linux kube-apiserver[14585]: Trace[670702974]: [3.000171041s] [3.000134006s] END
Jul 27 14:22:47 ecs-linux kube-apiserver[14585]: I0727 14:22:47.308217   14585 trace.go:116] Trace[509267225]: "List" url:/api/v1/persistentvolumes,user-agent:kube-scheduler/v1.18.5 (linux/amd64) kubernetes/e6503f8/scheduler,client:127.0.0.1 (started: 2020-07-27 14:22:44.307804384 +0800 CST m=+95.245189386) (total time: 3.000396832s):
Jul 27 14:22:47 ecs-linux kube-apiserver[14585]: Trace[509267225]: [3.000396832s] [3.000383434s] END
Jul 27 14:22:51 ecs-linux kube-apiserver[14585]: I0727 14:22:51.309181   14585 trace.go:116] Trace[829990997]: "cacher list" type:*core.PersistentVolume (started: 2020-07-27 14:22:48.308998525 +0800 CST m=+99.246383553) (total time: 3.000155845s):
Jul 27 14:22:51 ecs-linux kube-apiserver[14585]: Trace[829990997]: [3.000155845s] [3.000121553s] END
Jul 27 14:22:51 ecs-linux kube-apiserver[14585]: I0727 14:22:51.309350   14585 trace.go:116] Trace[586880847]: "List" url:/api/v1/persistentvolumes,user-agent:kube-scheduler/v1.18.5 (linux/amd64) kubernetes/e6503f8/scheduler,client:127.0.0.1 (started: 2020-07-27 14:22:48.308979489 +0800 CST m=+99.246364485) (total time: 3.000355601s):
Jul 27 14:22:51 ecs-linux kube-apiserver[14585]: Trace[586880847]: [3.000355601s] [3.000343626s] END
Jul 27 14:22:52 ecs-linux kube-apiserver[14585]: E0727 14:22:52.344780   14585 status.go:71] apiserver received an error that is not an metav1.Status: &errors.errorString{s:"context canceled"}
Jul 27 14:22:52 ecs-linux kube-apiserver[14585]: I0727 14:22:52.344966   14585 trace.go:116] Trace[1380731565]: "Get" url:/api/v1/namespaces/kube-system/endpoints/kube-controller-manager,user-agent:kube-controller-manager/v1.18.5 (linux/amd64) kubernetes/e6503f8/leader-election,client:127.0.0.1 (started: 2020-07-27 14:22:42.344827978 +0800 CST m=+93.282212977) (total time: 10.000107139s):
Jul 27 14:22:52 ecs-linux kube-apiserver[14585]: Trace[1380731565]: [10.000107139s] [10.000087739s] END
Jul 27 14:22:53 ecs-linux kube-apiserver[14585]: E0727 14:22:53.815905   14585 status.go:71] apiserver received an error that is not an metav1.Status: &errors.errorString{s:"context canceled"}
Jul 27 14:22:53 ecs-linux kube-apiserver[14585]: I0727 14:22:53.816058   14585 trace.go:116] Trace[2038319270]: "Get" url:/api/v1/namespaces/kube-system/endpoints/kube-scheduler,user-agent:kube-scheduler/v1.18.5 (linux/amd64) kubernetes/e6503f8/leader-election,client:127.0.0.1 (started: 2020-07-27 14:22:43.81598443 +0800 CST m=+94.753369427) (total time: 10.000050623s):
Jul 27 14:22:53 ecs-linux kube-apiserver[14585]: Trace[2038319270]: [10.000050623s] [10.000030938s] END
Jul 27 14:22:55 ecs-linux kube-apiserver[14585]: I0727 14:22:55.310288   14585 trace.go:116] Trace[43335375]: "cacher list" type:*core.PersistentVolume (started: 2020-07-27 14:22:52.310090211 +0800 CST m=+103.247475219) (total time: 3.000171129s):
Jul 27 14:22:55 ecs-linux kube-apiserver[14585]: Trace[43335375]: [3.000171129s] [3.000135069s] END
Jul 27 14:22:55 ecs-linux kube-apiserver[14585]: I0727 14:22:55.310465   14585 trace.go:116] Trace[1310176003]: "List" url:/api/v1/persistentvolumes,user-agent:kube-scheduler/v1.18.5 (linux/amd64) kubernetes/e6503f8/scheduler,client:127.0.0.1 (started: 2020-07-27 14:22:52.310070349 +0800 CST m=+103.247455346) (total time: 3.000379682s):
Jul 27 14:22:55 ecs-linux kube-apiserver[14585]: Trace[1310176003]: [3.000379682s] [3.000366538s] END
Jul 27 14:22:59 ecs-linux kube-apiserver[14585]: I0727 14:22:59.311434   14585 trace.go:116] Trace[512964895]: "cacher list" type:*core.PersistentVolume (started: 2020-07-27 14:22:56.311207976 +0800 CST m=+107.248592992) (total time: 3.000199839s):
Jul 27 14:22:59 ecs-linux kube-apiserver[14585]: Trace[512964895]: [3.000199839s] [3.000161964s] END
Jul 27 14:22:59 ecs-linux kube-apiserver[14585]: I0727 14:22:59.311614   14585 trace.go:116] Trace[1833370104]: "List" url:/api/v1/persistentvolumes,user-agent:kube-scheduler/v1.18.5 (linux/amd64) kubernetes/e6503f8/scheduler,client:127.0.0.1 (started: 2020-07-27 14:22:56.31118381 +0800 CST m=+107.248568816) (total time: 3.000414141s):
Jul 27 14:22:59 ecs-linux kube-apiserver[14585]: Trace[1833370104]: [3.000414141s] [3.000397948s] END
